0 info it worked if it ends with ok
1 verbose cli [ '/Users/macbookvanthom/.nvm/versions/node/v6.9.5/bin/node',
1 verbose cli   '/Users/macbookvanthom/.nvm/versions/node/v6.9.5/bin/npm',
1 verbose cli   'run-script',
1 verbose cli   'open:src' ]
2 info using npm@3.10.10
3 info using node@v6.9.5
4 verbose run-script [ 'preopen:src', 'open:src', 'postopen:src' ]
5 info lifecycle redux-catbook@1.0.0~preopen:src: redux-catbook@1.0.0
6 silly lifecycle redux-catbook@1.0.0~preopen:src: no script for preopen:src, continuing
7 info lifecycle redux-catbook@1.0.0~open:src: redux-catbook@1.0.0
8 verbose lifecycle redux-catbook@1.0.0~open:src: unsafe-perm in lifecycle true
9 verbose lifecycle redux-catbook@1.0.0~open:src: PATH: /Users/macbookvanthom/.nvm/versions/node/v6.9.5/lib/node_modules/npm/bin/node-gyp-bin:/Users/macbookvanthom/coding/react-redux/basic-crud-app/node_modules/.bin:/Users/macbookvanthom/coding/react-redux/basic-crud-app/node_modules/.bin:/Users/macbookvanthom/.config/yarn/link/node_modules/.bin:/Users/macbookvanthom/coding/react-redux/basic-crud-app/node_modules/.bin:/Users/macbookvanthom/.config/yarn/link/node_modules/.bin:/usr/local/Cellar/yarn/0.21.3/libexec/lib/node_modules/yarn/bin/node-gyp-bin:/Users/macbookvanthom/.nvm/versions/node/v6.9.5/bin:/Users/macbookvanthom/.rbenv/shims:/usr/local/bin:/usr/bin:/bin:/usr/sbin:/sbin:/Users/macbookvanthom/.nvm/versions/node/v6.9.5/bin
10 verbose lifecycle redux-catbook@1.0.0~open:src: CWD: /Users/macbookvanthom/coding/react-redux/basic-crud-app
11 silly lifecycle redux-catbook@1.0.0~open:src: Args: [ '-c', 'babel-node tools/server.js' ]
12 silly lifecycle redux-catbook@1.0.0~open:src: Returned: code: 1  signal: null
13 info lifecycle redux-catbook@1.0.0~open:src: Failed to exec open:src script
14 verbose stack Error: redux-catbook@1.0.0 open:src: `babel-node tools/server.js`
14 verbose stack Exit status 1
14 verbose stack     at EventEmitter.<anonymous> (/Users/macbookvanthom/.nvm/versions/node/v6.9.5/lib/node_modules/npm/lib/utils/lifecycle.js:255:16)
14 verbose stack     at emitTwo (events.js:106:13)
14 verbose stack     at EventEmitter.emit (events.js:191:7)
14 verbose stack     at ChildProcess.<anonymous> (/Users/macbookvanthom/.nvm/versions/node/v6.9.5/lib/node_modules/npm/lib/utils/spawn.js:40:14)
14 verbose stack     at emitTwo (events.js:106:13)
14 verbose stack     at ChildProcess.emit (events.js:191:7)
14 verbose stack     at maybeClose (internal/child_process.js:877:16)
14 verbose stack     at Process.ChildProcess._handle.onexit (internal/child_process.js:226:5)
15 verbose pkgid redux-catbook@1.0.0
16 verbose cwd /Users/macbookvanthom/coding/react-redux/basic-crud-app
17 error Darwin 16.4.0
18 error argv "/Users/macbookvanthom/.nvm/versions/node/v6.9.5/bin/node" "/Users/macbookvanthom/.nvm/versions/node/v6.9.5/bin/npm" "run-script" "open:src"
19 error node v6.9.5
20 error npm  v3.10.10
21 error code ELIFECYCLE
22 error redux-catbook@1.0.0 open:src: `babel-node tools/server.js`
22 error Exit status 1
23 error Failed at the redux-catbook@1.0.0 open:src script 'babel-node tools/server.js'.
23 error Make sure you have the latest version of node.js and npm installed.
23 error If you do, this is most likely a problem with the redux-catbook package,
23 error not with npm itself.
23 error Tell the author that this fails on your system:
23 error     babel-node tools/server.js
23 error You can get information on how to open an issue for this project with:
23 error     npm bugs redux-catbook
23 error Or if that isn't available, you can get their info via:
23 error     npm owner ls redux-catbook
23 error There is likely additional logging output above.
24 verbose exit [ 1, true ]
